This is pdfTeX, Version 3.141592653-2.6-1.40.28 (MiKTeX 25.12) (preloaded format=pdflatex 2026.5.7)  7 MAY 2026 16:13
entering extended mode
 restricted \write18 enabled.
 %&-line parsing enabled.
**./IDP_report.tex
(IDP_report.tex
LaTeX2e <2025-11-01>
L3 programming layer <2025-12-24>
(C:\Program Files\MiKTeX\tex/latex/base\book.cls
Document Class: book 2025/01/22 v1.4n Standard LaTeX document class
(C:\Program Files\MiKTeX\tex/latex/base\bk12.clo
File: bk12.clo 2025/01/22 v1.4n Standard LaTeX file (size option)
)
\c@part=\count275
\c@chapter=\count276
\c@section=\count277
\c@subsection=\count278
\c@subsubsection=\count279
\c@paragraph=\count280
\c@subparagraph=\count281
\c@figure=\count282
\c@table=\count283
\abovecaptionskip=\skip49
\belowcaptionskip=\skip50
\bibindent=\dimen148
) (AuxFiles/Packages.tex
(ecproject.sty
Package: ecproject 2026/01/17 v.3.9 an project report package for RVCE
 (C:\Program Files\MiKTeX\tex/latex/graphics\graphicx.sty
Package: graphicx 2024/12/31 v1.2e Enhanced LaTeX Graphics (DPC,SPQR)

(C:\Program Files\MiKTeX\tex/latex/graphics\keyval.sty
Package: keyval 2022/05/29 v1.15 key=value parser (DPC)
\KV@toks@=\toks17
)
(C:\Program Files\MiKTeX\tex/latex/graphics\graphics.sty
Package: graphics 2024/08/06 v1.4g Standard LaTeX Graphics (DPC,SPQR)

(C:\Program Files\MiKTeX\tex/latex/graphics\trig.sty
Package: trig 2023/12/02 v1.11 sin cos tan (DPC)
)
(C:\Program Files\MiKTeX\tex/latex/graphics-cfg\graphics.cfg
File: graphics.cfg 2016/06/04 v1.11 sample graphics configuration
)
Package graphics Info: Driver file: pdftex.def on input line 106.

(C:\Program Files\MiKTeX\tex/latex/graphics-def\pdftex.def
File: pdftex.def 2025/09/29 v1.2d Graphics/color driver for pdftex
))
\Gin@req@height=\dimen149
\Gin@req@width=\dimen150
)
(C:\Program Files\MiKTeX\tex/latex/pgf/frontendlayer\tikz.sty
(C:\Program Files\MiKTeX\tex/latex/pgf/basiclayer\pgf.sty
(C:\Program Files\MiKTeX\tex/latex/pgf/utilities\pgfrcs.sty
(C:\Program Files\MiKTeX\tex/generic/pgf/utilities\pgfutil-common.tex
\pgfutil@everybye=\toks18
\pgfutil@tempdima=\dimen151
\pgfutil@tempdimb=\dimen152
)
(C:\Program Files\MiKTeX\tex/generic/pgf/utilities\pgfutil-latex.def
\pgfutil@abb=\box53
)
(C:\Program Files\MiKTeX\tex/generic/pgf/utilities\pgfrcs.code.tex
(C:\Program Files\MiKTeX\tex/generic/pgf\pgf.revision.tex)
Package: pgfrcs 2025-08-29 v3.1.11a (3.1.11a)
))
Package: pgf 2025-08-29 v3.1.11a (3.1.11a)

(C:\Program Files\MiKTeX\tex/latex/pgf/basiclayer\pgfcore.sty
(C:\Program Files\MiKTeX\tex/latex/pgf/systemlayer\pgfsys.sty
(C:\Program Files\MiKTeX\tex/generic/pgf/systemlayer\pgfsys.code.tex
Package: pgfsys 2025-08-29 v3.1.11a (3.1.11a)

(C:\Program Files\MiKTeX\tex/generic/pgf/utilities\pgfkeys.code.tex
\pgfkeys@pathtoks=\toks19
\pgfkeys@temptoks=\toks20

(C:\Program Files\MiKTeX\tex/generic/pgf/utilities\pgfkeyslibraryfiltered.code.
tex
\pgfkeys@tmptoks=\toks21
))
\pgf@x=\dimen153
\pgf@y=\dimen154
\pgf@xa=\dimen155
\pgf@ya=\dimen156
\pgf@xb=\dimen157
\pgf@yb=\dimen158
\pgf@xc=\dimen159
\pgf@yc=\dimen160
\pgf@xd=\dimen161
\pgf@yd=\dimen162
\w@pgf@writea=\write3
\r@pgf@reada=\read2
\c@pgf@counta=\count284
\c@pgf@countb=\count285
\c@pgf@countc=\count286
\c@pgf@countd=\count287
\t@pgf@toka=\toks22
\t@pgf@tokb=\toks23
\t@pgf@tokc=\toks24
\pgf@sys@id@count=\count288
 (C:\Program Files\MiKTeX\tex/generic/pgf/systemlayer\pgf.cfg
File: pgf.cfg 2025-08-29 v3.1.11a (3.1.11a)
)
Driver file for pgf: pgfsys-pdftex.def

(C:\Program Files\MiKTeX\tex/generic/pgf/systemlayer\pgfsys-pdftex.def
File: pgfsys-pdftex.def 2025-08-29 v3.1.11a (3.1.11a)

(C:\Program Files\MiKTeX\tex/generic/pgf/systemlayer\pgfsys-common-pdf.def
File: pgfsys-common-pdf.def 2025-08-29 v3.1.11a (3.1.11a)
)))
(C:\Program Files\MiKTeX\tex/generic/pgf/systemlayer\pgfsyssoftpath.code.tex
File: pgfsyssoftpath.code.tex 2025-08-29 v3.1.11a (3.1.11a)
\pgfsyssoftpath@smallbuffer@items=\count289
\pgfsyssoftpath@bigbuffer@items=\count290
)
(C:\Program Files\MiKTeX\tex/generic/pgf/systemlayer\pgfsysprotocol.code.tex
File: pgfsysprotocol.code.tex 2025-08-29 v3.1.11a (3.1.11a)
))
(C:\Program Files\MiKTeX\tex/latex/xcolor\xcolor.sty
Package: xcolor 2024/09/29 v3.02 LaTeX color extensions (UK)

(C:\Program Files\MiKTeX\tex/latex/graphics-cfg\color.cfg
File: color.cfg 2016/01/02 v1.6 sample color configuration
)
Package xcolor Info: Driver file: pdftex.def on input line 274.

(C:\Program Files\MiKTeX\tex/latex/graphics\mathcolor.ltx)
Package xcolor Info: Model `cmy' substituted by `cmy0' on input line 1349.
Package xcolor Info: Model `hsb' substituted by `rgb' on input line 1353.
Package xcolor Info: Model `RGB' extended on input line 1365.
Package xcolor Info: Model `HTML' substituted by `rgb' on input line 1367.
Package xcolor Info: Model `Hsb' substituted by `hsb' on input line 1368.
Package xcolor Info: Model `tHsb' substituted by `hsb' on input line 1369.
Package xcolor Info: Model `HSB' substituted by `hsb' on input line 1370.
Package xcolor Info: Model `Gray' substituted by `gray' on input line 1371.
Package xcolor Info: Model `wave' substituted by `hsb' on input line 1372.
)
(C:\Program Files\MiKTeX\tex/generic/pgf/basiclayer\pgfcore.code.tex
Package: pgfcore 2025-08-29 v3.1.11a (3.1.11a)

(C:\Program Files\MiKTeX\tex/generic/pgf/math\pgfmath.code.tex
(C:\Program Files\MiKTeX\tex/generic/pgf/math\pgfmathutil.code.tex)
(C:\Program Files\MiKTeX\tex/generic/pgf/math\pgfmathparser.code.tex
\pgfmath@dimen=\dimen163
\pgfmath@count=\count291
\pgfmath@box=\box54
\pgfmath@toks=\toks25
\pgfmath@stack@operand=\toks26
\pgfmath@stack@operation=\toks27
)
(C:\Program Files\MiKTeX\tex/generic/pgf/math\pgfmathfunctions.code.tex)
(C:\Program Files\MiKTeX\tex/generic/pgf/math\pgfmathfunctions.basic.code.tex)
(C:\Program Files\MiKTeX\tex/generic/pgf/math\pgfmathfunctions.trigonometric.co
de.tex)
(C:\Program Files\MiKTeX\tex/generic/pgf/math\pgfmathfunctions.random.code.tex)

(C:\Program Files\MiKTeX\tex/generic/pgf/math\pgfmathfunctions.comparison.code.
tex)
(C:\Program Files\MiKTeX\tex/generic/pgf/math\pgfmathfunctions.base.code.tex)
(C:\Program Files\MiKTeX\tex/generic/pgf/math\pgfmathfunctions.round.code.tex)
(C:\Program Files\MiKTeX\tex/generic/pgf/math\pgfmathfunctions.misc.code.tex)
(C:\Program Files\MiKTeX\tex/generic/pgf/math\pgfmathfunctions.integerarithmeti
cs.code.tex) (C:\Program Files\MiKTeX\tex/generic/pgf/math\pgfmathcalc.code.tex
) (C:\Program Files\MiKTeX\tex/generic/pgf/math\pgfmathfloat.code.tex
\c@pgfmathroundto@lastzeros=\count292
))
(C:\Program Files\MiKTeX\tex/generic/pgf/math\pgfint.code.tex)
(C:\Program Files\MiKTeX\tex/generic/pgf/basiclayer\pgfcorepoints.code.tex
File: pgfcorepoints.code.tex 2025-08-29 v3.1.11a (3.1.11a)
\pgf@picminx=\dimen164
\pgf@picmaxx=\dimen165
\pgf@picminy=\dimen166
\pgf@picmaxy=\dimen167
\pgf@pathminx=\dimen168
\pgf@pathmaxx=\dimen169
\pgf@pathminy=\dimen170
\pgf@pathmaxy=\dimen171
\pgf@xx=\dimen172
\pgf@xy=\dimen173
\pgf@yx=\dimen174
\pgf@yy=\dimen175
\pgf@zx=\dimen176
\pgf@zy=\dimen177
)
(C:\Program Files\MiKTeX\tex/generic/pgf/basiclayer\pgfcorepathconstruct.code.t
ex
File: pgfcorepathconstruct.code.tex 2025-08-29 v3.1.11a (3.1.11a)
\pgf@path@lastx=\dimen178
\pgf@path@lasty=\dimen179
)
(C:\Program Files\MiKTeX\tex/generic/pgf/basiclayer\pgfcorepathusage.code.tex
File: pgfcorepathusage.code.tex 2025-08-29 v3.1.11a (3.1.11a)
\pgf@shorten@end@additional=\dimen180
\pgf@shorten@start@additional=\dimen181
)
(C:\Program Files\MiKTeX\tex/generic/pgf/basiclayer\pgfcorescopes.code.tex
File: pgfcorescopes.code.tex 2025-08-29 v3.1.11a (3.1.11a)
\pgfpic=\box55
\pgf@hbox=\box56
\pgf@layerbox@main=\box57
\pgf@picture@serial@count=\count293
)
(C:\Program Files\MiKTeX\tex/generic/pgf/basiclayer\pgfcoregraphicstate.code.te
x
File: pgfcoregraphicstate.code.tex 2025-08-29 v3.1.11a (3.1.11a)
\pgflinewidth=\dimen182
)
(C:\Program Files\MiKTeX\tex/generic/pgf/basiclayer\pgfcoretransformations.code
.tex
File: pgfcoretransformations.code.tex 2025-08-29 v3.1.11a (3.1.11a)
\pgf@pt@x=\dimen183
\pgf@pt@y=\dimen184
\pgf@pt@temp=\dimen185
) (C:\Program Files\MiKTeX\tex/generic/pgf/basiclayer\pgfcorequick.code.tex
File: pgfcorequick.code.tex 2025-08-29 v3.1.11a (3.1.11a)
) (C:\Program Files\MiKTeX\tex/generic/pgf/basiclayer\pgfcoreobjects.code.tex
File: pgfcoreobjects.code.tex 2025-08-29 v3.1.11a (3.1.11a)
)
(C:\Program Files\MiKTeX\tex/generic/pgf/basiclayer\pgfcorepathprocessing.code.
tex
File: pgfcorepathprocessing.code.tex 2025-08-29 v3.1.11a (3.1.11a)
) (C:\Program Files\MiKTeX\tex/generic/pgf/basiclayer\pgfcorearrows.code.tex
File: pgfcorearrows.code.tex 2025-08-29 v3.1.11a (3.1.11a)
\pgfarrowsep=\dimen186
) (C:\Program Files\MiKTeX\tex/generic/pgf/basiclayer\pgfcoreshade.code.tex
File: pgfcoreshade.code.tex 2025-08-29 v3.1.11a (3.1.11a)
\pgf@max=\dimen187
\pgf@sys@shading@range@num=\count294
\pgf@shadingcount=\count295
)
(C:\Program Files\MiKTeX\tex/generic/pgf/basiclayer\pgfcoreimage.code.tex
File: pgfcoreimage.code.tex 2025-08-29 v3.1.11a (3.1.11a)
)
(C:\Program Files\MiKTeX\tex/generic/pgf/basiclayer\pgfcoreexternal.code.tex
File: pgfcoreexternal.code.tex 2025-08-29 v3.1.11a (3.1.11a)
\pgfexternal@startupbox=\box58
)
(C:\Program Files\MiKTeX\tex/generic/pgf/basiclayer\pgfcorelayers.code.tex
File: pgfcorelayers.code.tex 2025-08-29 v3.1.11a (3.1.11a)
)
(C:\Program Files\MiKTeX\tex/generic/pgf/basiclayer\pgfcoretransparency.code.te
x
File: pgfcoretransparency.code.tex 2025-08-29 v3.1.11a (3.1.11a)
) (C:\Program Files\MiKTeX\tex/generic/pgf/basiclayer\pgfcorepatterns.code.tex
File: pgfcorepatterns.code.tex 2025-08-29 v3.1.11a (3.1.11a)
) (C:\Program Files\MiKTeX\tex/generic/pgf/basiclayer\pgfcorerdf.code.tex
File: pgfcorerdf.code.tex 2025-08-29 v3.1.11a (3.1.11a)
)))
(C:\Program Files\MiKTeX\tex/generic/pgf/modules\pgfmoduleshapes.code.tex
File: pgfmoduleshapes.code.tex 2025-08-29 v3.1.11a (3.1.11a)
\pgfnodeparttextbox=\box59
)
(C:\Program Files\MiKTeX\tex/generic/pgf/modules\pgfmoduleplot.code.tex
File: pgfmoduleplot.code.tex 2025-08-29 v3.1.11a (3.1.11a)
)
(C:\Program Files\MiKTeX\tex/latex/pgf/compatibility\pgfcomp-version-0-65.sty
Package: pgfcomp-version-0-65 2025-08-29 v3.1.11a (3.1.11a)
\pgf@nodesepstart=\dimen188
\pgf@nodesepend=\dimen189
)
(C:\Program Files\MiKTeX\tex/latex/pgf/compatibility\pgfcomp-version-1-18.sty
Package: pgfcomp-version-1-18 2025-08-29 v3.1.11a (3.1.11a)
)) (C:\Program Files\MiKTeX\tex/latex/pgf/utilities\pgffor.sty
(C:\Program Files\MiKTeX\tex/latex/pgf/utilities\pgfkeys.sty
(C:\Program Files\MiKTeX\tex/generic/pgf/utilities\pgfkeys.code.tex))
(C:\Program Files\MiKTeX\tex/latex/pgf/math\pgfmath.sty
(C:\Program Files\MiKTeX\tex/generic/pgf/math\pgfmath.code.tex))
(C:\Program Files\MiKTeX\tex/generic/pgf/utilities\pgffor.code.tex
Package: pgffor 2025-08-29 v3.1.11a (3.1.11a)
\pgffor@iter=\dimen190
\pgffor@skip=\dimen191
\pgffor@stack=\toks28
\pgffor@toks=\toks29
))
(C:\Program Files\MiKTeX\tex/generic/pgf/frontendlayer/tikz\tikz.code.tex
Package: tikz 2025-08-29 v3.1.11a (3.1.11a)

(C:\Program Files\MiKTeX\tex/generic/pgf/libraries\pgflibraryplothandlers.code.
tex
File: pgflibraryplothandlers.code.tex 2025-08-29 v3.1.11a (3.1.11a)
\pgf@plot@mark@count=\count296
\pgfplotmarksize=\dimen192
)
\tikz@lastx=\dimen193
\tikz@lasty=\dimen194
\tikz@lastxsaved=\dimen195
\tikz@lastysaved=\dimen196
\tikz@lastmovetox=\dimen197
\tikz@lastmovetoy=\dimen198
\tikzleveldistance=\dimen199
\tikzsiblingdistance=\dimen256
\tikz@figbox=\box60
\tikz@figbox@bg=\box61
\tikz@tempbox=\box62
\tikz@tempbox@bg=\box63
\tikztreelevel=\count297
\tikznumberofchildren=\count298
\tikznumberofcurrentchild=\count299
\tikz@fig@count=\count300
 (C:\Program Files\MiKTeX\tex/generic/pgf/modules\pgfmodulematrix.code.tex
File: pgfmodulematrix.code.tex 2025-08-29 v3.1.11a (3.1.11a)
\pgfmatrixcurrentrow=\count301
\pgfmatrixcurrentcolumn=\count302
\pgf@matrix@numberofcolumns=\count303
)
\tikz@expandcount=\count304

(C:\Program Files\MiKTeX\tex/generic/pgf/frontendlayer/tikz/libraries\tikzlibra
rytopaths.code.tex
File: tikzlibrarytopaths.code.tex 2025-08-29 v3.1.11a (3.1.11a)
)))
(C:\Users\oojam\AppData\Roaming\MiKTeX\tex/latex/xifthen\xifthen.sty
Package: xifthen 2015/11/05 v1.4.0 Extended ifthen features

(C:\Program Files\MiKTeX\tex/latex/tools\calc.sty
Package: calc 2025/03/01 v4.3b Infix arithmetic (KKT,FJ)
\calc@Acount=\count305
\calc@Bcount=\count306
\calc@Adimen=\dimen257
\calc@Bdimen=\dimen258
\calc@Askip=\skip51
\calc@Bskip=\skip52
LaTeX Info: Redefining \setlength on input line 86.
LaTeX Info: Redefining \addtolength on input line 87.
\calc@Ccount=\count307
\calc@Cskip=\skip53
)
(C:\Program Files\MiKTeX\tex/latex/base\ifthen.sty
Package: ifthen 2024/03/16 v1.1e Standard LaTeX ifthen package (DPC)
)
(C:\Users\oojam\AppData\Roaming\MiKTeX\tex/latex/ifmtarg\ifmtarg.sty
Package: ifmtarg 2018/04/16 v1.2b check for an empty argument
))
(C:\Users\oojam\AppData\Roaming\MiKTeX\tex/latex/fancyhdr\fancyhdr.sty
Package: fancyhdr 2025/02/07 v5.2 Extensive control of page headers and footers

\f@nch@headwidth=\skip54
\f@nch@offset@elh=\skip55
\f@nch@offset@erh=\skip56
\f@nch@offset@olh=\skip57
\f@nch@offset@orh=\skip58
\f@nch@offset@elf=\skip59
\f@nch@offset@erf=\skip60
\f@nch@offset@olf=\skip61
\f@nch@offset@orf=\skip62
\f@nch@height=\skip63
\f@nch@footalignment=\skip64
\f@nch@widthL=\skip65
\f@nch@widthC=\skip66
\f@nch@widthR=\skip67
\@temptokenb=\toks30
)
(C:\Users\oojam\AppData\Roaming\MiKTeX\tex/latex/qrcode\qrcode.sty
Package: qrcode 2015/01/08 v1.51 QR code generation

(C:\Program Files\MiKTeX\tex/latex/xkeyval\xkeyval.sty
Package: xkeyval 2022/06/16 v2.9 package option processing (HA)

(C:\Program Files\MiKTeX\tex/generic/xkeyval\xkeyval.tex
(C:\Program Files\MiKTeX\tex/generic/xkeyval\xkvutils.tex
\XKV@toks=\toks31
\XKV@tempa@toks=\toks32
)
\XKV@depth=\count308
File: xkeyval.tex 2014/12/03 v2.7a key=value parser (HA)
))
\c@qr@i=\count309
\c@qr@j=\count310
\qr@a=\count311
\qr@b=\count312
\qr@c=\count313
\qr@for@depth=\count314
\qr@for@maxdepth=\count315
\qr@for@start=\count316
\qr@for@end=\count317
\qr@for@step=\count318
\qr@newforcount=\count319
\qr@newforcount=\count320
\qr@desiredheight=\skip68
\qr@modulesize=\skip69
\qr@minipagewidth=\skip70
\c@maski=\count321
\c@maskj=\count322
\c@totalones=\count323
\c@penaltyi=\count324
\c@penaltyii=\count325
\c@penaltyiii=\count326
\c@penaltyiv=\count327
\c@qr@hexchars=\count328
\qr@newforcount=\count329
\c@qr@divisionsremaining=\count330
)
(C:\Users\oojam\AppData\Roaming\MiKTeX\tex/latex/background\background.sty
Package: background 2014/03/04 v2.1 background material

(C:\Users\oojam\AppData\Roaming\MiKTeX\tex/latex/everypage\everypage.sty
Package: everypage 2020/10/17 R2.0b Hooks to run on every page


Package everypage Warning: Functionality similar to this package has recently
(everypage)                been implemented in LaTeX. This package is now in
(everypage)                legacy status.
(everypage)                Please, don't use it in new documents and packages.


Package everypage Warning: You appear to be running a version of LaTeX
(everypage)                providing the new functionality.
(everypage)                Doing the best to deliver the original `everypage`
(everypage)                interface on top of it. Strict equivalence is
(everypage)                not possible, breakage may occur.
(everypage)                If truly needed, Use `everypage-1x` to force the
(everypage)                loading of an older code base.

) (C:\Program Files\MiKTeX\tex/latex/tools\afterpage.sty
Package: afterpage 2023/07/04 v1.08 After-Page Package (DPC)
\AP@output=\toks33
\AP@partial=\box64
\AP@footins=\box65
))
\c@numtitlelines=\count331
\titlelines=\count332
)
(C:\Program Files\MiKTeX\tex/latex/enumitem\enumitem.sty
Package: enumitem 2025/02/06 v3.11 Customized lists
\labelindent=\skip71
\enit@outerparindent=\dimen259
\enit@toks=\toks34
\enit@inbox=\box66
\enit@count@id=\count333
\enitdp@description=\count334
)
(C:\Program Files\MiKTeX\tex/generic/pgf/frontendlayer/tikz/libraries\tikzlibra
rycalc.code.tex
File: tikzlibrarycalc.code.tex 2025-08-29 v3.1.11a (3.1.11a)
)
(C:\Users\oojam\AppData\Roaming\MiKTeX\tex/latex/geometry\geometry.sty
Package: geometry 2026/03/07 v6.0 Page Geometry

(C:\Program Files\MiKTeX\tex/generic/iftex\ifvtex.sty
Package: ifvtex 2019/10/25 v1.7 ifvtex legacy package. Use iftex instead.

(C:\Program Files\MiKTeX\tex/generic/iftex\iftex.sty
Package: iftex 2024/12/12 v1.0g TeX engine tests
))
\Gm@cnth=\count335
\Gm@cntv=\count336
\c@Gm@tempcnt=\count337
\Gm@bindingoffset=\dimen260
\Gm@wd@mp=\dimen261
\Gm@odd@mp=\dimen262
\Gm@even@mp=\dimen263
\Gm@layoutwidth=\dimen264
\Gm@layoutheight=\dimen265
\Gm@layouthoffset=\dimen266
\Gm@layoutvoffset=\dimen267
\Gm@dimlist=\toks35

(C:\Users\oojam\AppData\Roaming\MiKTeX\tex/latex/geometry\geometry.cfg))
(C:\Users\oojam\AppData\Roaming\MiKTeX\tex/latex/float\float.sty
Package: float 2001/11/08 v1.3d Float enhancements (AL)
\c@float@type=\count338
\float@exts=\toks36
\float@box=\box67
\@float@everytoks=\toks37
\@floatcapt=\box68
)
(C:\Program Files\MiKTeX\tex/latex/hyperref\hyperref.sty
Package: hyperref 2025-07-12 v7.01o Hypertext links for LaTeX

(C:\Users\oojam\AppData\Roaming\MiKTeX\tex/latex/kvsetkeys\kvsetkeys.sty
Package: kvsetkeys 2022-10-05 v1.19 Key value parser (HO)
)
(C:\Users\oojam\AppData\Roaming\MiKTeX\tex/generic/kvdefinekeys\kvdefinekeys.st
y
Package: kvdefinekeys 2019-12-19 v1.6 Define keys (HO)
) (C:\Users\oojam\AppData\Roaming\MiKTeX\tex/generic/pdfescape\pdfescape.sty
Package: pdfescape 2019/12/09 v1.15 Implements pdfTeX's escape features (HO)

(C:\Users\oojam\AppData\Roaming\MiKTeX\tex/generic/ltxcmds\ltxcmds.sty
Package: ltxcmds 2023-12-04 v1.26 LaTeX kernel commands for general use (HO)
)
(C:\Program Files\MiKTeX\tex/generic/pdftexcmds\pdftexcmds.sty
Package: pdftexcmds 2020-06-27 v0.33 Utility functions of pdfTeX for LuaTeX (HO
)

(C:\Users\oojam\AppData\Roaming\MiKTeX\tex/generic/infwarerr\infwarerr.sty
Package: infwarerr 2019/12/03 v1.5 Providing info/warning/error messages (HO)
)
Package pdftexcmds Info: \pdf@primitive is available.
Package pdftexcmds Info: \pdf@ifprimitive is available.
Package pdftexcmds Info: \pdfdraftmode found.
))
(C:\Users\oojam\AppData\Roaming\MiKTeX\tex/latex/hycolor\hycolor.sty
Package: hycolor 2020-01-27 v1.10 Color options for hyperref/bookmark (HO)
)
(C:\Program Files\MiKTeX\tex/latex/hyperref\nameref.sty
Package: nameref 2025-06-21 v2.57 Cross-referencing by name of section

(C:\Users\oojam\AppData\Roaming\MiKTeX\tex/latex/refcount\refcount.sty
Package: refcount 2019/12/15 v3.6 Data extraction from label references (HO)
)
(C:\Users\oojam\AppData\Roaming\MiKTeX\tex/generic/gettitlestring\gettitlestrin
g.sty
Package: gettitlestring 2019/12/15 v1.6 Cleanup title references (HO)
 (C:\Users\oojam\AppData\Roaming\MiKTeX\tex/latex/kvoptions\kvoptions.sty
Package: kvoptions 2022-06-15 v3.15 Key value format for package options (HO)
))
\c@section@level=\count339
) (C:\Program Files\MiKTeX\tex/latex/etoolbox\etoolbox.sty
Package: etoolbox 2025/10/02 v2.5m e-TeX tools for LaTeX (JAW)
\etb@tempcnta=\count340
)
(C:\Users\oojam\AppData\Roaming\MiKTeX\tex/generic/stringenc\stringenc.sty
Package: stringenc 2019/11/29 v1.12 Convert strings between diff. encodings (HO
)
)
\@linkdim=\dimen268
\Hy@linkcounter=\count341
\Hy@pagecounter=\count342

(C:\Program Files\MiKTeX\tex/latex/hyperref\pd1enc.def
File: pd1enc.def 2025-07-12 v7.01o Hyperref: PDFDocEncoding definition (HO)
Now handling font encoding PD1 ...
... no UTF-8 mapping file for font encoding PD1
)
(C:\Users\oojam\AppData\Roaming\MiKTeX\tex/generic/intcalc\intcalc.sty
Package: intcalc 2019/12/15 v1.3 Expandable calculations with integers (HO)
)
\Hy@SavedSpaceFactor=\count343

(C:\Program Files\MiKTeX\tex/latex/hyperref\puenc.def
File: puenc.def 2025-07-12 v7.01o Hyperref: PDF Unicode definition (HO)
Now handling font encoding PU ...
... no UTF-8 mapping file for font encoding PU
)
Package hyperref Info: Hyper figures OFF on input line 4195.
Package hyperref Info: Link nesting OFF on input line 4200.
Package hyperref Info: Hyper index ON on input line 4203.
Package hyperref Info: Plain pages OFF on input line 4210.
Package hyperref Info: Backreferencing OFF on input line 4215.
Package hyperref Info: Implicit mode ON; LaTeX internals redefined.
Package hyperref Info: Bookmarks ON on input line 4462.
\c@Hy@tempcnt=\count344

(C:\Program Files\MiKTeX\tex/latex/url\url.sty
\Urlmuskip=\muskip17
Package: url 2013/09/16  ver 3.4  Verb mode for urls, etc.
)
LaTeX Info: Redefining \url on input line 4801.
\XeTeXLinkMargin=\dimen269

(C:\Users\oojam\AppData\Roaming\MiKTeX\tex/generic/bitset\bitset.sty
Package: bitset 2019/12/09 v1.3 Handle bit-vector datatype (HO)

(C:\Users\oojam\AppData\Roaming\MiKTeX\tex/generic/bigintcalc\bigintcalc.sty
Package: bigintcalc 2019/12/15 v1.5 Expandable calculations on big integers (HO
)
))
\Fld@menulength=\count345
\Field@Width=\dimen270
\Fld@charsize=\dimen271
Package hyperref Info: Hyper figures OFF on input line 6078.
Package hyperref Info: Link nesting OFF on input line 6083.
Package hyperref Info: Hyper index ON on input line 6086.
Package hyperref Info: backreferencing OFF on input line 6093.
Package hyperref Info: Link coloring OFF on input line 6098.
Package hyperref Info: Link coloring with OCG OFF on input line 6103.
Package hyperref Info: PDF/A mode OFF on input line 6108.
\Hy@abspage=\count346
\c@Item=\count347
\c@Hfootnote=\count348
)
Package hyperref Info: Driver (autodetected): hpdftex.
(C:\Program Files\MiKTeX\tex/latex/hyperref\hpdftex.def
File: hpdftex.def 2025-07-12 v7.01o Hyperref driver for pdfTeX
\Fld@listcount=\count349
\c@bookmark@seq@number=\count350

(C:\Users\oojam\AppData\Roaming\MiKTeX\tex/latex/rerunfilecheck\rerunfilecheck.
sty
Package: rerunfilecheck 2025-06-21 v1.11 Rerun checks for auxiliary files (HO)

(C:\Users\oojam\AppData\Roaming\MiKTeX\tex/generic/uniquecounter\uniquecounter.
sty
Package: uniquecounter 2019/12/15 v1.4 Provide unlimited unique counter (HO)
)
Package uniquecounter Info: New unique counter `rerunfilecheck' on input line 2
84.
)
\Hy@SectionHShift=\skip72
)
(C:\Users\oojam\AppData\Roaming\MiKTeX\tex/latex/glossaries/base\glossaries.sty
Package: glossaries 2026/04/21 v5.1 (NLCT)
(C:\Users\oojam\AppData\Roaming\MiKTeX\tex/latex/mfirstuc\mfirstuc.sty
Package: mfirstuc 2025/04/03 v2.09 (NLCT)
\@glsmfirst=\toks38
\@glsmrest=\toks39
)
(C:\Users\oojam\AppData\Roaming\MiKTeX\tex/latex/xfor\xfor.sty
Package: xfor 2009/02/05 v1.05 (NLCT)
)
(C:\Program Files\MiKTeX\tex/latex/amsmath\amsgen.sty
File: amsgen.sty 1999/11/30 v2.0 generic functions
\@emptytoks=\toks40
\ex@=\dimen272
)
(C:\Users\oojam\AppData\Roaming\MiKTeX\tex/latex/datatool\datatool-base.sty
Package: datatool-base 2025/12/04 v3.4.3 (NLCT)

(C:\Program Files\MiKTeX\tex/latex/amsmath\amsmath.sty
Package: amsmath 2025/07/09 v2.17z AMS math features
\@mathmargin=\skip73

For additional information on amsmath, use the `?' option.
(C:\Program Files\MiKTeX\tex/latex/amsmath\amstext.sty
Package: amstext 2024/11/17 v2.01 AMS text
)
(C:\Program Files\MiKTeX\tex/latex/amsmath\amsbsy.sty
Package: amsbsy 1999/11/29 v1.2d Bold Symbols
\pmbraise@=\dimen273
)
(C:\Program Files\MiKTeX\tex/latex/amsmath\amsopn.sty
Package: amsopn 2022/04/08 v2.04 operator names
)
\inf@bad=\count351
LaTeX Info: Redefining \frac on input line 233.
\uproot@=\count352
\leftroot@=\count353
LaTeX Info: Redefining \overline on input line 398.
LaTeX Info: Redefining \colon on input line 409.
\classnum@=\count354
\DOTSCASE@=\count355
LaTeX Info: Redefining \ldots on input line 495.
LaTeX Info: Redefining \dots on input line 498.
LaTeX Info: Redefining \cdots on input line 619.
\Mathstrutbox@=\box69
\strutbox@=\box70
LaTeX Info: Redefining \big on input line 721.
LaTeX Info: Redefining \Big on input line 722.
LaTeX Info: Redefining \bigg on input line 723.
LaTeX Info: Redefining \Bigg on input line 724.
\big@size=\dimen274
LaTeX Font Info:    Redeclaring font encoding OML on input line 742.
LaTeX Font Info:    Redeclaring font encoding OMS on input line 743.
\macc@depth=\count356
LaTeX Info: Redefining \bmod on input line 904.
LaTeX Info: Redefining \pmod on input line 909.
LaTeX Info: Redefining \smash on input line 939.
LaTeX Info: Redefining \relbar on input line 969.
LaTeX Info: Redefining \Relbar on input line 970.
\c@MaxMatrixCols=\count357
\dotsspace@=\muskip18
\c@parentequation=\count358
\dspbrk@lvl=\count359
\tag@help=\toks41
\row@=\count360
\column@=\count361
\maxfields@=\count362
\andhelp@=\toks42
\eqnshift@=\dimen275
\alignsep@=\dimen276
\tagshift@=\dimen277
\tagwidth@=\dimen278
\totwidth@=\dimen279
\lineht@=\dimen280
\@envbody=\toks43
\multlinegap=\skip74
\multlinetaggap=\skip75
\mathdisplay@stack=\toks44
LaTeX Info: Redefining \[ on input line 2950.
LaTeX Info: Redefining \] on input line 2951.
)
(C:\Users\oojam\AppData\Roaming\MiKTeX\tex/latex/tracklang\tracklang.sty
Package: tracklang 2025/03/11 v1.6.6 (NLCT) Track Languages

(C:\Users\oojam\AppData\Roaming\MiKTeX\tex/generic/tracklang\tracklang.tex))
\l__datatool_tmpa_int=\count363
\l__datatool_tmpb_int=\count364
\l__datatool_tmpc_int=\count365
\l__datatool_tmpd_int=\count366
\l__datatool_count_int=\count367
\l__datatool_tmp_datatype_int=\count368
\l__datatool_tmpa_dim=\dimen281
\l__datatool_tmpb_dim=\dimen282

(C:\Users\oojam\AppData\Roaming\MiKTeX\tex/latex/datatool\datatool-l3fp.def
File: datatool-l3fp.def 2025/12/04 v3.4.3 (NLCT)
)
\@dtl@toks=\toks45
\@dtl@tmpcount=\count369
\dtl@tmplength=\skip76
\l__datatool_measure_box=\box71
\dtl@sortresult=\count370

(C:\Users\oojam\AppData\Roaming\MiKTeX\tex/latex/datatool\datatool-utf8.ldf
File: datatool-utf8.ldf 2025/12/04 v3.4.3 (NLCT)
)
\@dtl@datatype=\count371
\c_datatool_unknown_int=\count372
\l__datatool_year_int=\count373
\l__datatool_month_int=\count374
\l__datatool_day_int=\count375
\l__datatool_hour_int=\count376
\l__datatool_minute_int=\count377
\l__datatool_second_int=\count378
\l__datatool_tzhour_int=\count379
\l__datatool_tzminute_int=\count380
\l__datatool_julian_int=\count381
\l__datatool_local_julian_int=\count382
\l__datatool_prefix_int=\count383
\l__datatool_suffix_int=\count384
\@dtl@foreach@level=\count385
\dtl@codeA=\count386
\dtl@codeB=\count387
)
\gls@level=\count388
\@gls@tmpb=\toks46
\gls@tmplen=\skip77
\l__glossaries_tmpa_dim=\dimen283
\l__glossaries_tmpb_dim=\dimen284
\glskeylisttok=\toks47
\glslabeltok=\toks48
\glsshorttok=\toks49
\glslongtok=\toks50

(C:\Users\oojam\AppData\Roaming\MiKTeX\tex/latex/glossaries/styles\glossary-hyp
ernav.sty
Package: glossary-hypernav 2026/04/21 v5.1 (NLCT)
)
(C:\Users\oojam\AppData\Roaming\MiKTeX\tex/latex/glossaries/styles\glossary-lis
t.sty
Package: glossary-list 2026/04/21 v5.1 (NLCT)
\glslistdottedwidth=\skip78
)
(C:\Users\oojam\AppData\Roaming\MiKTeX\tex/latex/glossaries/styles\glossary-lon
g.sty
Package: glossary-long 2026/04/21 v5.1 (NLCT)
 (C:\Program Files\MiKTeX\tex/latex/tools\longtable.sty
Package: longtable 2025-10-13 v4.24 Multi-page Table package (DPC)
\LTleft=\skip79
\LTright=\skip80
\LTpre=\skip81
\LTpost=\skip82
\LTchunksize=\count389
\LTcapwidth=\dimen285
\LT@head=\box72
\LT@firsthead=\box73
\LT@foot=\box74
\LT@lastfoot=\box75
\LT@gbox=\box76
\LT@cols=\count390
\LT@rows=\count391
\c@LT@tables=\count392
\c@LT@chunks=\count393
\LT@p@ftn=\toks51
)
\glsdescwidth=\skip83
\glspagelistwidth=\skip84
)
(C:\Users\oojam\AppData\Roaming\MiKTeX\tex/latex/glossaries/styles\glossary-sup
er.sty
Package: glossary-super 2026/04/21 v5.1 (NLCT)

(C:\Users\oojam\AppData\Roaming\MiKTeX\tex/latex/supertabular\supertabular.sty
Package: supertabular 2025/06/26 v4.2d the supertabular environment
\c@tracingst=\count394
\ST@wd=\dimen286
\ST@rightskip=\skip85
\ST@leftskip=\skip86
\ST@parfillskip=\skip87
\ST@pageleft=\dimen287
\ST@headht=\dimen288
\ST@tailht=\dimen289
\ST@pagesofar=\dimen290
\ST@pboxht=\dimen291
\ST@rowht=\dimen292
\ST@prevht=\dimen293
\ST@toadd=\dimen294
\ST@dimen=\dimen295
\ST@pbox=\box77
))
(C:\Users\oojam\AppData\Roaming\MiKTeX\tex/latex/glossaries/styles\glossary-tre
e.sty
Package: glossary-tree 2026/04/21 v5.1 (NLCT)
\l__glossaries_tree_max_known_level_int=\count395
\l__glossaries_tree_offset_dim=\dimen296
\l__glossaries_tree_namewidth_dim=\dimen297
\l__glossaries_tree_symbolwidth_dim=\dimen298
\l__glossaries_tree_prenamesym_width_dim=\dimen299
\l__glossaries_tree_presubnamesym_width_dim=\dimen300
\l__glossaries_tree_namewidth_padding_dim=\dimen301
\l__glossaries_tree_symbolwidth_padding_dim=\dimen302
\l__glossaries_tree_namesymbolwidth_dim=\dimen303
\l__glossaries_tree_namesymbolwidth_padding_dim=\dimen304
\l__glossaries_tree_level_int=\count396
\glstreeindent=\skip88
)) (C:\Program Files\MiKTeX\tex/latex/tcolorbox\tcolorbox.sty
Package: tcolorbox 2025/11/28 version 6.9.0 text color boxes

(C:\Program Files\MiKTeX\tex/latex/tools\verbatim.sty
Package: verbatim 2024-01-22 v1.5x LaTeX2e package for verbatim enhancements
\every@verbatim=\toks52
\verbatim@line=\toks53
\verbatim@in@stream=\read3
)
(C:\Program Files\MiKTeX\tex/latex/environ\environ.sty
Package: environ 2014/05/04 v0.3 A new way to define environments

(C:\Program Files\MiKTeX\tex/latex/trimspaces\trimspaces.sty
Package: trimspaces 2009/09/17 v1.1 Trim spaces around a token list
))
\tcb@titlebox=\box78
\tcb@upperbox=\box79
\tcb@lowerbox=\box80
\tcb@phantombox=\box81
\c@tcbbreakpart=\count397
\c@tcblayer=\count398
\c@tcolorbox@number=\count399
\l__tcobox_tmpa_box=\box82
\l__tcobox_tmpa_dim=\dimen305
\tcb@temp=\box83
\tcb@temp=\box84
\tcb@temp=\box85
\tcb@temp=\box86

(C:\Program Files\MiKTeX\tex/latex/tcolorbox\tcblistings.code.tex
Library (tcolorbox): 'tcblistings.code.tex' version '6.9.0'
(C:\Program Files\MiKTeX\tex/latex/listings\listings.sty
\lst@mode=\count400
\lst@gtempboxa=\box87
\lst@token=\toks54
\lst@length=\count401
\lst@currlwidth=\dimen306
\lst@column=\count402
\lst@pos=\count403
\lst@lostspace=\dimen307
\lst@width=\dimen308
\lst@newlines=\count404
\lst@lineno=\count405
\lst@maxwidth=\dimen309

(C:\Program Files\MiKTeX\tex/latex/listings\lstpatch.sty
File: lstpatch.sty 2025/11/14 1.11b (Carsten Heinz)
)
(C:\Program Files\MiKTeX\tex/latex/listings\lstmisc.sty
File: lstmisc.sty 2025/11/14 1.11b (Carsten Heinz)
\c@lstnumber=\count406
\lst@skipnumbers=\count407
\lst@framebox=\box88
)
(C:\Program Files\MiKTeX\tex/latex/listings\listings.cfg
File: listings.cfg 2025/11/14 1.11b listings configuration
))
Package: listings 2025/11/14 1.11b (Carsten Heinz)

==> First Aid for listings.sty no longer applied!
    Expected:
        2024/09/23 1.10c (Carsten Heinz)
    but found:
        2025/11/14 1.11b (Carsten Heinz)
    so I'm assuming it got fixed.
(C:\Program Files\MiKTeX\tex/latex/tcolorbox\tcblistingscore.code.tex
Library (tcolorbox): 'tcblistingscore.code.tex' version '6.9.0'
(C:\Program Files\MiKTeX\tex/latex/tcolorbox\tcbprocessing.code.tex
Library (tcolorbox): 'tcbprocessing.code.tex' version '6.9.0'
)
\c@tcblisting=\count408
))) (C:\Program Files\MiKTeX\tex/latex/tcolorbox\tcbskins.code.tex
Library (tcolorbox): 'tcbskins.code.tex' version '6.9.0'
(C:\Users\oojam\AppData\Roaming\MiKTeX\tex/latex/tikzfill\tikzfill.image.sty
Package: tikzfill.image 2026/04/23 v1.2.0 Image filling library for TikZ

(C:\Users\oojam\AppData\Roaming\MiKTeX\tex/latex/tikzfill\tikzlibraryfill.image
.code.tex
File: tikzlibraryfill.image.code.tex 2026/04/23 v1.2.0 Image filling library
\l__tikzfill_tmpa_dim=\dimen310
\l__tikzfill_tmpb_dim=\dimen311
\l__tikzfill_img_box=\box89
))
(C:\Program Files\MiKTeX\tex/latex/tcolorbox\tcbskinsjigsaw.code.tex
Library (tcolorbox): 'tcbskinsjigsaw.code.tex' version '6.9.0'
)) (C:\Program Files\MiKTeX\tex/latex/tcolorbox\tcbbreakable.code.tex
Library (tcolorbox): 'tcbbreakable.code.tex' version '6.9.0'
(C:\Users\oojam\AppData\Roaming\MiKTeX\tex/latex/pdfcol\pdfcol.sty
Package: pdfcol 2022-09-21 v1.7 Handle new color stacks for pdfTeX (HO)
)
Package pdfcol Info: New color stack `tcb@breakable' = 1 on input line 23.
\tcb@testbox=\box90
\tcb@totalupperbox=\box91
\tcb@totallowerbox=\box92
)
(C:\Program Files\MiKTeX\tex/latex/tcolorbox\tcbtheorems.code.tex
Library (tcolorbox): 'tcbtheorems.code.tex' version '6.9.0'
) (C:\Program Files\MiKTeX\tex/latex/tools\indentfirst.sty
Package: indentfirst 2023/07/02 v1.03 Indent first paragraph (DPC)
))
(C:\Users\oojam\AppData\Roaming\MiKTeX\tex/latex/setspace\setspace.sty
Package: setspace 2022/12/04 v6.7b set line spacing
)
\glswrite=\write4
\glo@main@file=\write5
\openout5 = `IDP_report.glo'.

Package glossaries Info: Writing glossary file IDP_report.glo on input line 48.

\glo@symbolList@file=\write6
\openout6 = `IDP_report.sym2'.

Package glossaries Info: Writing glossary file IDP_report.sym2 on input line 48
.

(AuxFiles/Glossaries.tex)
(C:\Program Files\MiKTeX\tex/latex/biblatex\biblatex.sty
Package: biblatex 2025/07/10 v3.21 programmable bibliographies (PK/MW)

(C:\Users\oojam\AppData\Roaming\MiKTeX\tex/latex/logreq\logreq.sty
Package: logreq 2010/08/04 v1.0 xml request logger
\lrq@indent=\count409

(C:\Users\oojam\AppData\Roaming\MiKTeX\tex/latex/logreq\logreq.def
File: logreq.def 2010/08/04 v1.0 logreq spec v1.0
))
\c@tabx@nest=\count410
\c@listtotal=\count411
\c@listcount=\count412
\c@liststart=\count413
\c@liststop=\count414
\c@citecount=\count415
\c@citetotal=\count416
\c@multicitecount=\count417
\c@multicitetotal=\count418
\c@instcount=\count419
\c@maxnames=\count420
\c@minnames=\count421
\c@maxitems=\count422
\c@minitems=\count423
\c@citecounter=\count424
\c@maxcitecounter=\count425
\c@savedcitecounter=\count426
\c@uniquelist=\count427
\c@uniquename=\count428
\c@refsection=\count429
\c@refsegment=\count430
\c@maxextratitle=\count431
\c@maxextratitleyear=\count432
\c@maxextraname=\count433
\c@maxextradate=\count434
\c@maxextraalpha=\count435
\c@abbrvpenalty=\count436
\c@highnamepenalty=\count437
\c@lownamepenalty=\count438
\c@maxparens=\count439
\c@parenlevel=\count440
\blx@tempcnta=\count441
\blx@tempcntb=\count442
\blx@tempcntc=\count443
\c@blx@maxsection=\count444
\blx@maxsegment@0=\count445
\blx@notetype=\count446
\blx@parenlevel@text=\count447
\blx@parenlevel@foot=\count448
\blx@sectionciteorder@0=\count449
\blx@sectionciteorderinternal@0=\count450
\blx@entrysetcounter=\count451
\blx@biblioinstance=\count452
\labelnumberwidth=\skip89
\labelalphawidth=\skip90
\biblabelsep=\skip91
\bibitemsep=\skip92
\bibnamesep=\skip93
\bibinitsep=\skip94
\bibparsep=\skip95
\bibhang=\skip96
\blx@bcfin=\read4
\blx@bcfout=\write7
\blx@langwohyphens=\language79
\c@mincomprange=\count453
\c@maxcomprange=\count454
\c@mincompwidth=\count455
Package biblatex Info: Trying to load biblatex default data model...
Package biblatex Info: ... file 'blx-dm.def' found.

(C:\Program Files\MiKTeX\tex/latex/biblatex\blx-dm.def
File: blx-dm.def 2025/07/10 v3.21 biblatex datamodel (PK/MW)
)
Package biblatex Info: Trying to load biblatex style data model...
Package biblatex Info: ... file 'ieee.dbx' not found.
Package biblatex Info: Trying to load biblatex custom data model...
Package biblatex Info: ... file 'biblatex-dm.cfg' not found.
\c@afterword=\count456
\c@savedafterword=\count457
\c@annotator=\count458
\c@savedannotator=\count459
\c@author=\count460
\c@savedauthor=\count461
\c@bookauthor=\count462
\c@savedbookauthor=\count463
\c@commentator=\count464
\c@savedcommentator=\count465
\c@editor=\count466
\c@savededitor=\count467
\c@editora=\count468
\c@savededitora=\count469
\c@editorb=\count470
\c@savededitorb=\count471
\c@editorc=\count472
\c@savededitorc=\count473
\c@foreword=\count474
\c@savedforeword=\count475
\c@holder=\count476
\c@savedholder=\count477
\c@introduction=\count478
\c@savedintroduction=\count479
\c@namea=\count480
\c@savednamea=\count481
\c@nameb=\count482
\c@savednameb=\count483
\c@namec=\count484
\c@savednamec=\count485
\c@translator=\count486
\c@savedtranslator=\count487
\c@shortauthor=\count488
\c@savedshortauthor=\count489
\c@shorteditor=\count490
\c@savedshorteditor=\count491
\c@labelname=\count492
\c@savedlabelname=\count493
\c@institution=\count494
\c@savedinstitution=\count495
\c@lista=\count496
\c@savedlista=\count497
\c@listb=\count498
\c@savedlistb=\count499
\c@listc=\count500
\c@savedlistc=\count501
\c@listd=\count502
\c@savedlistd=\count503
\c@liste=\count504
\c@savedliste=\count505
\c@listf=\count506
\c@savedlistf=\count507
\c@location=\count508
\c@savedlocation=\count509
\c@organization=\count510
\c@savedorganization=\count511
\c@origlocation=\count512
\c@savedoriglocation=\count513
\c@origpublisher=\count514
\c@savedorigpublisher=\count515
\c@publisher=\count516
\c@savedpublisher=\count517
\c@language=\count518
\c@savedlanguage=\count519
\c@origlanguage=\count520
\c@savedoriglanguage=\count521
\c@pageref=\count522
\c@savedpageref=\count523
\shorthandwidth=\skip97
\shortjournalwidth=\skip98
\shortserieswidth=\skip99
\shorttitlewidth=\skip100
\shortauthorwidth=\skip101
\shorteditorwidth=\skip102
\locallabelnumberwidth=\skip103
\locallabelalphawidth=\skip104
\localshorthandwidth=\skip105
\localshortjournalwidth=\skip106
\localshortserieswidth=\skip107
\localshorttitlewidth=\skip108
\localshortauthorwidth=\skip109
\localshorteditorwidth=\skip110
Package biblatex Info: Trying to load compatibility code...
Package biblatex Info: ... file 'blx-compat.def' found.

(C:\Program Files\MiKTeX\tex/latex/biblatex\blx-compat.def
File: blx-compat.def 2025/07/10 v3.21 biblatex compatibility (PK/MW)
)
Package biblatex Info: Trying to load BibTeX backend compatibility...
Package biblatex Info: ... file 'blx-bibtex.def' found.

(C:\Program Files\MiKTeX\tex/latex/biblatex\blx-bibtex.def
File: blx-bibtex.def 2025/07/10 v3.21 biblatex compatibility (PK/MW)


Package biblatex Warning: Using fall-back bibtex backend:
(biblatex)                functionality may be reduced/unavailable.

)
Package biblatex Info: Trying to load generic definitions...
Package biblatex Info: ... file 'biblatex.def' found.
 (C:\Program Files\MiKTeX\tex/latex/biblatex\biblatex.def
File: biblatex.def 2025/07/10 v3.21 biblatex compatibility (PK/MW)
\c@textcitecount=\count524
\c@textcitetotal=\count525
\c@textcitemaxnames=\count526
\c@biburlbigbreakpenalty=\count527
\c@biburlbreakpenalty=\count528
\c@biburlnumpenalty=\count529
\c@biburlucpenalty=\count530
\c@biburllcpenalty=\count531
\biburlbigskip=\muskip19
\biburlnumskip=\muskip20
\biburlucskip=\muskip21
\biburllcskip=\muskip22
\c@smartand=\count532
)
Package biblatex Info: Trying to load bibliography style 'ieee'...
Package biblatex Info: ... file 'ieee.bbx' found.

(C:\Users\oojam\AppData\Roaming\MiKTeX\tex/latex/biblatex-ieee\ieee.bbx
File: ieee.bbx 2025-08-01 v1.4f biblatex bibliography style
Package biblatex Info: Trying to load bibliography style 'numeric-comp'...
Package biblatex Info: ... file 'numeric-comp.bbx' found.

(C:\Program Files\MiKTeX\tex/latex/biblatex/bbx\numeric-comp.bbx
File: numeric-comp.bbx 2025/07/10 v3.21 biblatex bibliography style (PK/MW)
Package biblatex Info: Trying to load bibliography style 'numeric'...
Package biblatex Info: ... file 'numeric.bbx' found.

(C:\Program Files\MiKTeX\tex/latex/biblatex/bbx\numeric.bbx
File: numeric.bbx 2025/07/10 v3.21 biblatex bibliography style (PK/MW)
Package biblatex Info: Trying to load bibliography style 'standard'...
Package biblatex Info: ... file 'standard.bbx' found.

(C:\Program Files\MiKTeX\tex/latex/biblatex/bbx\standard.bbx
File: standard.bbx 2025/07/10 v3.21 biblatex bibliography style (PK/MW)
\c@bbx:relatedcount=\count533
\c@bbx:relatedtotal=\count534
))))
Package biblatex Info: Trying to load citation style 'ieee'...
Package biblatex Info: ... file 'ieee.cbx' found.

(C:\Users\oojam\AppData\Roaming\MiKTeX\tex/latex/biblatex-ieee\ieee.cbx
File: ieee.cbx 2025-08-01 v1.4f biblatex citation style
Package biblatex Info: Trying to load citation style 'numeric-verb'...
Package biblatex Info: ... file 'numeric-verb.cbx' found.

(C:\Program Files\MiKTeX\tex/latex/biblatex/cbx\numeric-verb.cbx
File: numeric-verb.cbx 2025/07/10 v3.21 biblatex citation style (PK/MW)
Package biblatex Info: Redefining '\cite'.
Package biblatex Info: Redefining '\parencite'.
Package biblatex Info: Redefining '\footcite'.
Package biblatex Info: Redefining '\footcitetext'.
Package biblatex Info: Redefining '\smartcite'.
Package biblatex Info: Redefining '\textcite'.
Package biblatex Info: Redefining '\supercite'.
Package biblatex Info: Redefining '\parencites'.
Package biblatex Info: Redefining '\smartcites'.
Package biblatex Info: Redefining '\textcites'.
))
Package biblatex Info: Trying to load configuration file...
Package biblatex Info: ... file 'biblatex.cfg' found.

(C:\Program Files\MiKTeX\tex/latex/biblatex\biblatex.cfg
File: biblatex.cfg 
)
Package biblatex Info: Input encoding 'utf8' detected.
Package biblatex Info: Document encoding is UTF8 ....

(C:\Program Files\MiKTeX\tex/latex/l3kernel\expl3.sty
Package: expl3 2025-12-24 L3 programming layer (loader) 

(C:\Program Files\MiKTeX\tex/latex/l3backend\l3backend-pdftex.def
File: l3backend-pdftex.def 2025-10-09 L3 backend support: PDF output (pdfTeX)
\l__color_backend_stack_int=\count535
))
Package biblatex Info: ... and expl3
(biblatex)             2025-12-24 L3 programming layer (loader) 
(biblatex)             is new enough (at least 2020/04/06),
(biblatex)             setting 'casechanger=expl3'.

(C:\Program Files\MiKTeX\tex/latex/biblatex\blx-case-expl3.sty
(C:\Program Files\MiKTeX\tex/latex/l3packages/xparse\xparse.sty
Package: xparse 2025-10-09 L3 Experimental document command parser
)
Package: blx-case-expl3 2025/07/10 v3.21 expl3 case changing code for biblatex
))
\@quotelevel=\count536
\@quotereset=\count537

(IDP_report.aux <Reading QR code for "" at level 1-H from aux file.>
)
\openout1 = `IDP_report.aux'.

LaTeX Font Info:    Checking defaults for OML/cmm/m/it on input line 62.
LaTeX Font Info:    ... okay on input line 62.
LaTeX Font Info:    Checking defaults for OMS/cmsy/m/n on input line 62.
LaTeX Font Info:    ... okay on input line 62.
LaTeX Font Info:    Checking defaults for OT1/cmr/m/n on input line 62.
LaTeX Font Info:    ... okay on input line 62.
LaTeX Font Info:    Checking defaults for T1/cmr/m/n on input line 62.
LaTeX Font Info:    ... okay on input line 62.
LaTeX Font Info:    Checking defaults for TS1/cmr/m/n on input line 62.
LaTeX Font Info:    ... okay on input line 62.
LaTeX Font Info:    Checking defaults for OMX/cmex/m/n on input line 62.
LaTeX Font Info:    ... okay on input line 62.
LaTeX Font Info:    Checking defaults for U/cmr/m/n on input line 62.
LaTeX Font Info:    ... okay on input line 62.
LaTeX Font Info:    Checking defaults for PD1/pdf/m/n on input line 62.
LaTeX Font Info:    ... okay on input line 62.
LaTeX Font Info:    Checking defaults for PU/pdf/m/n on input line 62.
LaTeX Font Info:    ... okay on input line 62.
 (C:\Program Files\MiKTeX\tex/context/base/mkii\supp-pdf.mkii
[Loading MPS to PDF converter (version 2006.09.02).]
\scratchcounter=\count538
\scratchdimen=\dimen312
\scratchbox=\box93
\nofMPsegments=\count539
\nofMParguments=\count540
\everyMPshowfont=\toks55
\MPscratchCnt=\count541
\MPscratchDim=\dimen313
\MPnumerator=\count542
\makeMPintoPDFobject=\count543
\everyMPtoPDFconversion=\toks56
) (C:\Program Files\MiKTeX\tex/latex/epstopdf-pkg\epstopdf-base.sty
Package: epstopdf-base 2020-01-24 v2.11 Base part for package epstopdf
Package epstopdf-base Info: Redefining graphics rule for `.eps' on input line 4
85.

(C:\Program Files\MiKTeX\tex/latex/00miktex\epstopdf-sys.cfg
File: epstopdf-sys.cfg 2021/03/18 v2.0 Configuration of epstopdf for MiKTeX
))
Package ecproject Info: You have used \IDPProject, checking for any undesired u
ncomment of commands.... on input line 62.

*geometry* driver: auto-detecting
*geometry* detected driver: pdftex
*geometry* verbose mode - [ preamble ] result:
* driver: pdftex
* paper: a4paper
* layout: <same size as paper>
* layoutoffset:(h,v)=(0.0pt,0.0pt)
* modes: 
* h-part:(L,W,R)=(72.26999pt, 452.9679pt, 72.26999pt)
* v-part:(T,H,B)=(72.26999pt, 700.50687pt, 72.26999pt)
* \paperwidth=597.50787pt
* \paperheight=845.04684pt
* \textwidth=452.9679pt
* \textheight=700.50687pt
* \oddsidemargin=0.0pt
* \evensidemargin=0.0pt
* \topmargin=-31.8738pt
* \headheight=12.0pt
* \headsep=19.8738pt
* \topskip=12.0pt
* \footskip=30.0pt
* \marginparwidth=38.0pt
* \marginparsep=7.0pt
* \columnsep=10.0pt
* \skip\footins=10.8pt plus 4.0pt minus 2.0pt
* \hoffset=0.0pt
* \voffset=0.0pt
* \mag=1000
* \@twocolumnfalse
* \@twosidefalse
* \@mparswitchfalse
* \@reversemarginfalse
* (1in=72.27pt=25.4mm, 1cm=28.453pt)

Package hyperref Info: Link coloring OFF on input line 62.
(IDP_report.out) (IDP_report.out)
\@outlinefile=\write8
\openout8 = `IDP_report.out'.

\c@lstlisting=\count544
Package biblatex Info: Trying to load language 'english'...
Package biblatex Info: ... file 'english.lbx' found.

(C:\Program Files\MiKTeX\tex/latex/biblatex/lbx\english.lbx
File: english.lbx 2025/07/10 v3.21 biblatex localization (PK/MW)
)
Package biblatex Info: Input encoding 'utf8' detected.
Package biblatex Info: Automatic encoding selection.
(biblatex)             Assuming data encoding 'utf8'.
Package biblatex Info: Input encoding 'utf8' detected.
Package biblatex Info: Data encoding 'utf8' specified.
(biblatex)             No need to reencode data.
\openout7 = `IDP_report-blx.bib'.

Package biblatex Info: Trying to load bibliographic data...
Package biblatex Info: ... file 'IDP_report.bbl' found.
 (IDP_report.bbl)
Package biblatex Info: Reference section=0 on input line 62.
Package biblatex Info: Reference segment=0 on input line 62.



<QR code requested for "" in version 0-M.>
<Error-correction level increased from M to H at no cost.>

Package hyperref Warning: Suppressing link with empty target on input line 65.

<Copying the QR code for "" in version 1-H as previously calculated.>
<Figures/RV_newLogo.png, id=222, 916.1728pt x 161.10187pt>
File: Figures/RV_newLogo.png Graphic file (type png)
<use Figures/RV_newLogo.png>
Package pdftex.def Info: Figures/RV_newLogo.png  used on input line 65.
(pdftex.def)             Requested size: 452.9679pt x 79.65102pt.
[1

\openout4 = `IDP_report.ist'.


{C:/Users/oojam/AppData/Local/MiKTeX/fonts/map/pdftex/pdftex.map} <./Figures/RV
_newLogo.png>] (CoverPages/Certificate.tex
<Figures/RV_logoVec.png, id=234, 505.89pt x 496.85625pt>
File: Figures/RV_logoVec.png Graphic file (type png)
<use Figures/RV_logoVec.png>
Package pdftex.def Info: Figures/RV_logoVec.png  used on input line 13.
(pdftex.def)             Requested size: 113.81102pt x 111.77266pt.

Overfull \hbox (47.99307pt too wide) in paragraph at lines 73--86
 [][] 
 []


Overfull \hbox (4.2409pt too wide) in paragraph at lines 108--118
 [][] 
 []

)
pdfTeX warning (ext4): destination with the same identifier (name{page.1}) has 
been already used, duplicate ignored
<to be read again> 
                   \relax 
l.71 \newpage
             
<Figures/RVlogoVecW.png, id=235, 505.89pt x 496.85625pt>
File: Figures/RVlogoVecW.png Graphic file (type png)
<use Figures/RVlogoVecW.png>
Package pdftex.def Info: Figures/RVlogoVecW.png  used on input line 71.
(pdftex.def)             Requested size: 271.7835pt x 266.93372pt.
File: Figures/RVlogoVecW.png Graphic file (type png)
<use Figures/RVlogoVecW.png>
Package pdftex.def Info: Figures/RVlogoVecW.png  used on input line 71.
(pdftex.def)             Requested size: 271.7835pt x 266.93372pt.
 [1 <./Figures/RVlogoVecW.png> <./Figures/RV_logoVec.png>]
(CoverPages/Declaration.tex
Underfull \hbox (badness 10000) in paragraph at lines 14--14

 []


Underfull \hbox (badness 10000) in paragraph at lines 16--16

 []

)
File: Figures/RVlogoVecW.png Graphic file (type png)
<use Figures/RVlogoVecW.png>
Package pdftex.def Info: Figures/RVlogoVecW.png  used on input line 74.
(pdftex.def)             Requested size: 271.7835pt x 266.93372pt.
File: Figures/RVlogoVecW.png Graphic file (type png)
<use Figures/RVlogoVecW.png>
Package pdftex.def Info: Figures/RVlogoVecW.png  used on input line 74.
(pdftex.def)             Requested size: 271.7835pt x 266.93372pt.
 [2] (CoverPages/Ack.tex
Underfull \hbox (badness 10000) in paragraph at lines 14--14

 []


Underfull \hbox (badness 10000) in paragraph at lines 16--16

 []


Underfull \hbox (badness 10000) in paragraph at lines 18--18

 []


Underfull \hbox (badness 10000) in paragraph at lines 20--20

 []


Underfull \hbox (badness 10000) in paragraph at lines 23--23

 []


Underfull \hbox (badness 10000) in paragraph at lines 26--27

 []


Underfull \hbox (badness 10000) in paragraph at lines 29--29

 []


Underfull \hbox (badness 10000) in paragraph at lines 33--33

 []

)
File: Figures/RVlogoVecW.png Graphic file (type png)
<use Figures/RVlogoVecW.png>
Package pdftex.def Info: Figures/RVlogoVecW.png  used on input line 77.
(pdftex.def)             Requested size: 271.7835pt x 266.93372pt.
File: Figures/RVlogoVecW.png Graphic file (type png)
<use Figures/RVlogoVecW.png>
Package pdftex.def Info: Figures/RVlogoVecW.png  used on input line 77.
(pdftex.def)             Requested size: 271.7835pt x 266.93372pt.
 [3] (CoverPages/Abstract.tex)
File: Figures/RVlogoVecW.png Graphic file (type png)
<use Figures/RVlogoVecW.png>
Package pdftex.def Info: Figures/RVlogoVecW.png  used on input line 81.
(pdftex.def)             Requested size: 271.7835pt x 266.93372pt.
File: Figures/RVlogoVecW.png Graphic file (type png)
<use Figures/RVlogoVecW.png>
Package pdftex.def Info: Figures/RVlogoVecW.png  used on input line 81.
(pdftex.def)             Requested size: 271.7835pt x 266.93372pt.
 [1

] (IDP_report.toc
File: Figures/RVlogoVecW.png Graphic file (type png)
<use Figures/RVlogoVecW.png>
Package pdftex.def Info: Figures/RVlogoVecW.png  used on input line 26.
(pdftex.def)             Requested size: 271.7835pt x 266.93372pt.
File: Figures/RVlogoVecW.png Graphic file (type png)
<use Figures/RVlogoVecW.png>
Package pdftex.def Info: Figures/RVlogoVecW.png  used on input line 26.
(pdftex.def)             Requested size: 271.7835pt x 266.93372pt.
 [2

])
\tf@toc=\write9
\openout9 = `IDP_report.toc'.

File: Figures/RVlogoVecW.png Graphic file (type png)
<use Figures/RVlogoVecW.png>
Package pdftex.def Info: Figures/RVlogoVecW.png  used on input line 89.
(pdftex.def)             Requested size: 271.7835pt x 266.93372pt.
File: Figures/RVlogoVecW.png Graphic file (type png)
<use Figures/RVlogoVecW.png>
Package pdftex.def Info: Figures/RVlogoVecW.png  used on input line 89.
(pdftex.def)             Requested size: 271.7835pt x 266.93372pt.
 [3]
File: Figures/RVlogoVecW.png Graphic file (type png)
<use Figures/RVlogoVecW.png>
Package pdftex.def Info: Figures/RVlogoVecW.png  used on input line 89.
(pdftex.def)             Requested size: 271.7835pt x 266.93372pt.
File: Figures/RVlogoVecW.png Graphic file (type png)
<use Figures/RVlogoVecW.png>
Package pdftex.def Info: Figures/RVlogoVecW.png  used on input line 89.
(pdftex.def)             Requested size: 271.7835pt x 266.93372pt.
 [4]
(IDP_report.lof)
\tf@lof=\write10
\openout10 = `IDP_report.lof'.

File: Figures/RVlogoVecW.png Graphic file (type png)
<use Figures/RVlogoVecW.png>
Package pdftex.def Info: Figures/RVlogoVecW.png  used on input line 95.
(pdftex.def)             Requested size: 271.7835pt x 266.93372pt.
File: Figures/RVlogoVecW.png Graphic file (type png)
<use Figures/RVlogoVecW.png>
Package pdftex.def Info: Figures/RVlogoVecW.png  used on input line 95.
(pdftex.def)             Requested size: 271.7835pt x 266.93372pt.
 [5


] (IDP_report.lot)
\tf@lot=\write11
\openout11 = `IDP_report.lot'.


No file IDP_report.gls.
No file IDP_report.sym1.
File: Figures/RVlogoVecW.png Graphic file (type png)
<use Figures/RVlogoVecW.png>
Package pdftex.def Info: Figures/RVlogoVecW.png  used on input line 105.
(pdftex.def)             Requested size: 271.7835pt x 266.93372pt.
File: Figures/RVlogoVecW.png Graphic file (type png)
<use Figures/RVlogoVecW.png>
Package pdftex.def Info: Figures/RVlogoVecW.png  used on input line 105.
(pdftex.def)             Requested size: 271.7835pt x 266.93372pt.
[6


] (Chapter1/chapter1-Intro.tex
Chapter 1.

pdfTeX warning (ext4): destination with the same identifier (name{page.1}) has 
been already used, duplicate ignored
<to be read again> 
                   \relax 
l.1 ...ault Detection in Power Transmission Lines}
                                                  
File: Figures/RVlogoVecW.png Graphic file (type png)
<use Figures/RVlogoVecW.png>
Package pdftex.def Info: Figures/RVlogoVecW.png  used on input line 1.
(pdftex.def)             Requested size: 271.7835pt x 266.93372pt.
File: Figures/RVlogoVecW.png Graphic file (type png)
<use Figures/RVlogoVecW.png>
Package pdftex.def Info: Figures/RVlogoVecW.png  used on input line 1.
(pdftex.def)             Requested size: 271.7835pt x 266.93372pt.
 [1



]

Package fancyhdr Warning: \headheight is too small (12.0pt): 
(fancyhdr)                Make it at least 27.18335pt, for example:
(fancyhdr)                \setlength{\headheight}{27.18335pt}.
(fancyhdr)                You might also make \topmargin smaller:
(fancyhdr)                \addtolength{\topmargin}{-15.18335pt}.


pdfTeX warning (ext4): destination with the same identifier (name{page.2}) has 
been already used, duplicate ignored
<to be read again> 
                   \relax 
l.17 O
      ther research has focused on fault localization using regression model...
File: Figures/RVlogoVecW.png Graphic file (type png)
<use Figures/RVlogoVecW.png>
Package pdftex.def Info: Figures/RVlogoVecW.png  used on input line 17.
(pdftex.def)             Requested size: 271.7835pt x 266.93372pt.
File: Figures/RVlogoVecW.png Graphic file (type png)
<use Figures/RVlogoVecW.png>
Package pdftex.def Info: Figures/RVlogoVecW.png  used on input line 17.
(pdftex.def)             Requested size: 271.7835pt x 266.93372pt.
[2]
Overfull \hbox (2.33987pt too wide) in paragraph at lines 21--22
[]\OT1/cmr/m/n/12 Overall, ex-ist-ing work lacks a uni-fied sys-tem that com-bi
nes real-time de-tec-tion, system-
 []


Package fancyhdr Warning: \headheight is too small (12.0pt): 
(fancyhdr)                Make it at least 27.18335pt, for example:
(fancyhdr)                \setlength{\headheight}{27.18335pt}.
(fancyhdr)                You might also make \topmargin smaller:
(fancyhdr)                \addtolength{\topmargin}{-15.18335pt}.


pdfTeX warning (ext4): destination with the same identifier (name{page.3}) has 
been already used, duplicate ignored
<to be read again> 
                   \relax 
l.42 \item T
            o develop an AI-based system for real-time fault detection and c...
File: Figures/RVlogoVecW.png Graphic file (type png)
<use Figures/RVlogoVecW.png>
Package pdftex.def Info: Figures/RVlogoVecW.png  used on input line 42.
(pdftex.def)             Requested size: 271.7835pt x 266.93372pt.
File: Figures/RVlogoVecW.png Graphic file (type png)
<use Figures/RVlogoVecW.png>
Package pdftex.def Info: Figures/RVlogoVecW.png  used on input line 42.
(pdftex.def)             Requested size: 271.7835pt x 266.93372pt.
[3]

Package fancyhdr Warning: \headheight is too small (12.0pt): 
(fancyhdr)                Make it at least 27.18335pt, for example:
(fancyhdr)                \setlength{\headheight}{27.18335pt}.
(fancyhdr)                You might also make \topmargin smaller:
(fancyhdr)                \addtolength{\topmargin}{-15.18335pt}.

File: Figures/RVlogoVecW.png Graphic file (type png)
<use Figures/RVlogoVecW.png>
Package pdftex.def Info: Figures/RVlogoVecW.png  used on input line 64.
(pdftex.def)             Requested size: 271.7835pt x 266.93372pt.
File: Figures/RVlogoVecW.png Graphic file (type png)
<use Figures/RVlogoVecW.png>
Package pdftex.def Info: Figures/RVlogoVecW.png  used on input line 64.
(pdftex.def)             Requested size: 271.7835pt x 266.93372pt.
[4]) (Chapter2/chapter2-Funda.tex

Package fancyhdr Warning: \headheight is too small (12.0pt): 
(fancyhdr)                Make it at least 27.18335pt, for example:
(fancyhdr)                \setlength{\headheight}{27.18335pt}.
(fancyhdr)                You might also make \topmargin smaller:
(fancyhdr)                \addtolength{\topmargin}{-15.18335pt}.

File: Figures/RVlogoVecW.png Graphic file (type png)
<use Figures/RVlogoVecW.png>
Package pdftex.def Info: Figures/RVlogoVecW.png  used on input line 1.
(pdftex.def)             Requested size: 271.7835pt x 266.93372pt.
File: Figures/RVlogoVecW.png Graphic file (type png)
<use Figures/RVlogoVecW.png>
Package pdftex.def Info: Figures/RVlogoVecW.png  used on input line 1.
(pdftex.def)             Requested size: 271.7835pt x 266.93372pt.
[5]
Chapter 2.
File: Figures/RVlogoVecW.png Graphic file (type png)
<use Figures/RVlogoVecW.png>
Package pdftex.def Info: Figures/RVlogoVecW.png  used on input line 1.
(pdftex.def)             Requested size: 271.7835pt x 266.93372pt.
File: Figures/RVlogoVecW.png Graphic file (type png)
<use Figures/RVlogoVecW.png>
Package pdftex.def Info: Figures/RVlogoVecW.png  used on input line 1.
(pdftex.def)             Requested size: 271.7835pt x 266.93372pt.
[6


]

Package fancyhdr Warning: \headheight is too small (12.0pt): 
(fancyhdr)                Make it at least 27.18335pt, for example:
(fancyhdr)                \setlength{\headheight}{27.18335pt}.
(fancyhdr)                You might also make \topmargin smaller:
(fancyhdr)                \addtolength{\topmargin}{-15.18335pt}.

File: Figures/RVlogoVecW.png Graphic file (type png)
<use Figures/RVlogoVecW.png>
Package pdftex.def Info: Figures/RVlogoVecW.png  used on input line 27.
(pdftex.def)             Requested size: 271.7835pt x 266.93372pt.
File: Figures/RVlogoVecW.png Graphic file (type png)
<use Figures/RVlogoVecW.png>
Package pdftex.def Info: Figures/RVlogoVecW.png  used on input line 27.
(pdftex.def)             Requested size: 271.7835pt x 266.93372pt.
[7]

Package fancyhdr Warning: \headheight is too small (12.0pt): 
(fancyhdr)                Make it at least 27.18335pt, for example:
(fancyhdr)                \setlength{\headheight}{27.18335pt}.
(fancyhdr)                You might also make \topmargin smaller:
(fancyhdr)                \addtolength{\topmargin}{-15.18335pt}.

File: Figures/RVlogoVecW.png Graphic file (type png)
<use Figures/RVlogoVecW.png>
Package pdftex.def Info: Figures/RVlogoVecW.png  used on input line 57.
(pdftex.def)             Requested size: 271.7835pt x 266.93372pt.
File: Figures/RVlogoVecW.png Graphic file (type png)
<use Figures/RVlogoVecW.png>
Package pdftex.def Info: Figures/RVlogoVecW.png  used on input line 57.
(pdftex.def)             Requested size: 271.7835pt x 266.93372pt.
[8]

Package fancyhdr Warning: \headheight is too small (12.0pt): 
(fancyhdr)                Make it at least 27.18335pt, for example:
(fancyhdr)                \setlength{\headheight}{27.18335pt}.
(fancyhdr)                You might also make \topmargin smaller:
(fancyhdr)                \addtolength{\topmargin}{-15.18335pt}.

File: Figures/RVlogoVecW.png Graphic file (type png)
<use Figures/RVlogoVecW.png>
Package pdftex.def Info: Figures/RVlogoVecW.png  used on input line 93.
(pdftex.def)             Requested size: 271.7835pt x 266.93372pt.
File: Figures/RVlogoVecW.png Graphic file (type png)
<use Figures/RVlogoVecW.png>
Package pdftex.def Info: Figures/RVlogoVecW.png  used on input line 93.
(pdftex.def)             Requested size: 271.7835pt x 266.93372pt.
[9]) (Chapter3/chapter3-design.tex

Package fancyhdr Warning: \headheight is too small (12.0pt): 
(fancyhdr)                Make it at least 27.18335pt, for example:
(fancyhdr)                \setlength{\headheight}{27.18335pt}.
(fancyhdr)                You might also make \topmargin smaller:
(fancyhdr)                \addtolength{\topmargin}{-15.18335pt}.

File: Figures/RVlogoVecW.png Graphic file (type png)
<use Figures/RVlogoVecW.png>
Package pdftex.def Info: Figures/RVlogoVecW.png  used on input line 2.
(pdftex.def)             Requested size: 271.7835pt x 266.93372pt.
File: Figures/RVlogoVecW.png Graphic file (type png)
<use Figures/RVlogoVecW.png>
Package pdftex.def Info: Figures/RVlogoVecW.png  used on input line 2.
(pdftex.def)             Requested size: 271.7835pt x 266.93372pt.
[10]
Chapter 3.
File: Figures/RVlogoVecW.png Graphic file (type png)
<use Figures/RVlogoVecW.png>
Package pdftex.def Info: Figures/RVlogoVecW.png  used on input line 2.
(pdftex.def)             Requested size: 271.7835pt x 266.93372pt.
File: Figures/RVlogoVecW.png Graphic file (type png)
<use Figures/RVlogoVecW.png>
Package pdftex.def Info: Figures/RVlogoVecW.png  used on input line 2.
(pdftex.def)             Requested size: 271.7835pt x 266.93372pt.
[11


]

Package fancyhdr Warning: \headheight is too small (12.0pt): 
(fancyhdr)                Make it at least 27.18335pt, for example:
(fancyhdr)                \setlength{\headheight}{27.18335pt}.
(fancyhdr)                You might also make \topmargin smaller:
(fancyhdr)                \addtolength{\topmargin}{-15.18335pt}.

File: Figures/RVlogoVecW.png Graphic file (type png)
<use Figures/RVlogoVecW.png>
Package pdftex.def Info: Figures/RVlogoVecW.png  used on input line 32.
(pdftex.def)             Requested size: 271.7835pt x 266.93372pt.
File: Figures/RVlogoVecW.png Graphic file (type png)
<use Figures/RVlogoVecW.png>
Package pdftex.def Info: Figures/RVlogoVecW.png  used on input line 32.
(pdftex.def)             Requested size: 271.7835pt x 266.93372pt.
[12]
<Figures/pipeline_process.png, id=399, 2302.10063pt x 979.40906pt>
File: Figures/pipeline_process.png Graphic file (type png)
<use Figures/pipeline_process.png>
Package pdftex.def Info: Figures/pipeline_process.png  used on input line 58.
(pdftex.def)             Requested size: 452.9679pt x 192.71008pt.


Package fancyhdr Warning: \headheight is too small (12.0pt): 
(fancyhdr)                Make it at least 27.18335pt, for example:
(fancyhdr)                \setlength{\headheight}{27.18335pt}.
(fancyhdr)                You might also make \topmargin smaller:
(fancyhdr)                \addtolength{\topmargin}{-15.18335pt}.

File: Figures/RVlogoVecW.png Graphic file (type png)
<use Figures/RVlogoVecW.png>
Package pdftex.def Info: Figures/RVlogoVecW.png  used on input line 62.
(pdftex.def)             Requested size: 271.7835pt x 266.93372pt.
File: Figures/RVlogoVecW.png Graphic file (type png)
<use Figures/RVlogoVecW.png>
Package pdftex.def Info: Figures/RVlogoVecW.png  used on input line 62.
(pdftex.def)             Requested size: 271.7835pt x 266.93372pt.
[13]
<Figures/hardware_pipeline.png, id=411, 1413.28pt x 770.88pt>
File: Figures/hardware_pipeline.png Graphic file (type png)
<use Figures/hardware_pipeline.png>
Package pdftex.def Info: Figures/hardware_pipeline.png  used on input line 65.
(pdftex.def)             Requested size: 452.9679pt x 247.07481pt.


Package fancyhdr Warning: \headheight is too small (12.0pt): 
(fancyhdr)                Make it at least 27.18335pt, for example:
(fancyhdr)                \setlength{\headheight}{27.18335pt}.
(fancyhdr)                You might also make \topmargin smaller:
(fancyhdr)                \addtolength{\topmargin}{-15.18335pt}.

File: Figures/RVlogoVecW.png Graphic file (type png)
<use Figures/RVlogoVecW.png>
Package pdftex.def Info: Figures/RVlogoVecW.png  used on input line 79.
(pdftex.def)             Requested size: 271.7835pt x 266.93372pt.
File: Figures/RVlogoVecW.png Graphic file (type png)
<use Figures/RVlogoVecW.png>
Package pdftex.def Info: Figures/RVlogoVecW.png  used on input line 79.
(pdftex.def)             Requested size: 271.7835pt x 266.93372pt.
[14 <./Figures/pipeline_process.png> <./Figures/hardware_pipeline.png>])
(Chapter4/chapter4-implement.tex

Package fancyhdr Warning: \headheight is too small (12.0pt): 
(fancyhdr)                Make it at least 27.18335pt, for example:
(fancyhdr)                \setlength{\headheight}{27.18335pt}.
(fancyhdr)                You might also make \topmargin smaller:
(fancyhdr)                \addtolength{\topmargin}{-15.18335pt}.

File: Figures/RVlogoVecW.png Graphic file (type png)
<use Figures/RVlogoVecW.png>
Package pdftex.def Info: Figures/RVlogoVecW.png  used on input line 1.
(pdftex.def)             Requested size: 271.7835pt x 266.93372pt.
File: Figures/RVlogoVecW.png Graphic file (type png)
<use Figures/RVlogoVecW.png>
Package pdftex.def Info: Figures/RVlogoVecW.png  used on input line 1.
(pdftex.def)             Requested size: 271.7835pt x 266.93372pt.
[15]
Chapter 4.
File: Figures/RVlogoVecW.png Graphic file (type png)
<use Figures/RVlogoVecW.png>
Package pdftex.def Info: Figures/RVlogoVecW.png  used on input line 1.
(pdftex.def)             Requested size: 271.7835pt x 266.93372pt.
File: Figures/RVlogoVecW.png Graphic file (type png)
<use Figures/RVlogoVecW.png>
Package pdftex.def Info: Figures/RVlogoVecW.png  used on input line 1.
(pdftex.def)             Requested size: 271.7835pt x 266.93372pt.
[16


]

Package fancyhdr Warning: \headheight is too small (12.0pt): 
(fancyhdr)                Make it at least 27.18335pt, for example:
(fancyhdr)                \setlength{\headheight}{27.18335pt}.
(fancyhdr)                You might also make \topmargin smaller:
(fancyhdr)                \addtolength{\topmargin}{-15.18335pt}.

File: Figures/RVlogoVecW.png Graphic file (type png)
<use Figures/RVlogoVecW.png>
Package pdftex.def Info: Figures/RVlogoVecW.png  used on input line 22.
(pdftex.def)             Requested size: 271.7835pt x 266.93372pt.
File: Figures/RVlogoVecW.png Graphic file (type png)
<use Figures/RVlogoVecW.png>
Package pdftex.def Info: Figures/RVlogoVecW.png  used on input line 22.
(pdftex.def)             Requested size: 271.7835pt x 266.93372pt.
[17]

Package fancyhdr Warning: \headheight is too small (12.0pt): 
(fancyhdr)                Make it at least 27.18335pt, for example:
(fancyhdr)                \setlength{\headheight}{27.18335pt}.
(fancyhdr)                You might also make \topmargin smaller:
(fancyhdr)                \addtolength{\topmargin}{-15.18335pt}.

File: Figures/RVlogoVecW.png Graphic file (type png)
<use Figures/RVlogoVecW.png>
Package pdftex.def Info: Figures/RVlogoVecW.png  used on input line 59.
(pdftex.def)             Requested size: 271.7835pt x 266.93372pt.
File: Figures/RVlogoVecW.png Graphic file (type png)
<use Figures/RVlogoVecW.png>
Package pdftex.def Info: Figures/RVlogoVecW.png  used on input line 59.
(pdftex.def)             Requested size: 271.7835pt x 266.93372pt.
[18]

Package fancyhdr Warning: \headheight is too small (12.0pt): 
(fancyhdr)                Make it at least 27.18335pt, for example:
(fancyhdr)                \setlength{\headheight}{27.18335pt}.
(fancyhdr)                You might also make \topmargin smaller:
(fancyhdr)                \addtolength{\topmargin}{-15.18335pt}.

File: Figures/RVlogoVecW.png Graphic file (type png)
<use Figures/RVlogoVecW.png>
Package pdftex.def Info: Figures/RVlogoVecW.png  used on input line 97.
(pdftex.def)             Requested size: 271.7835pt x 266.93372pt.
File: Figures/RVlogoVecW.png Graphic file (type png)
<use Figures/RVlogoVecW.png>
Package pdftex.def Info: Figures/RVlogoVecW.png  used on input line 97.
(pdftex.def)             Requested size: 271.7835pt x 266.93372pt.
[19]
<Figures/architecture_block_diagram.png, id=441, 1297.84875pt x 523.20468pt>
File: Figures/architecture_block_diagram.png Graphic file (type png)
<use Figures/architecture_block_diagram.png>
Package pdftex.def Info: Figures/architecture_block_diagram.png  used on input 
line 109.
(pdftex.def)             Requested size: 407.66833pt x 164.33931pt.


Package fancyhdr Warning: \headheight is too small (12.0pt): 
(fancyhdr)                Make it at least 27.18335pt, for example:
(fancyhdr)                \setlength{\headheight}{27.18335pt}.
(fancyhdr)                You might also make \topmargin smaller:
(fancyhdr)                \addtolength{\topmargin}{-15.18335pt}.

File: Figures/RVlogoVecW.png Graphic file (type png)
<use Figures/RVlogoVecW.png>
Package pdftex.def Info: Figures/RVlogoVecW.png  used on input line 122.
(pdftex.def)             Requested size: 271.7835pt x 266.93372pt.
File: Figures/RVlogoVecW.png Graphic file (type png)
<use Figures/RVlogoVecW.png>
Package pdftex.def Info: Figures/RVlogoVecW.png  used on input line 122.
(pdftex.def)             Requested size: 271.7835pt x 266.93372pt.
[20 <./Figures/architecture_block_diagram.png>]) (Chapter5/chapter5-result.tex

Package fancyhdr Warning: \headheight is too small (12.0pt): 
(fancyhdr)                Make it at least 27.18335pt, for example:
(fancyhdr)                \setlength{\headheight}{27.18335pt}.
(fancyhdr)                You might also make \topmargin smaller:
(fancyhdr)                \addtolength{\topmargin}{-15.18335pt}.

File: Figures/RVlogoVecW.png Graphic file (type png)
<use Figures/RVlogoVecW.png>
Package pdftex.def Info: Figures/RVlogoVecW.png  used on input line 1.
(pdftex.def)             Requested size: 271.7835pt x 266.93372pt.
File: Figures/RVlogoVecW.png Graphic file (type png)
<use Figures/RVlogoVecW.png>
Package pdftex.def Info: Figures/RVlogoVecW.png  used on input line 1.
(pdftex.def)             Requested size: 271.7835pt x 266.93372pt.
[21]
Chapter 5.
File: Figures/RVlogoVecW.png Graphic file (type png)
<use Figures/RVlogoVecW.png>
Package pdftex.def Info: Figures/RVlogoVecW.png  used on input line 1.
(pdftex.def)             Requested size: 271.7835pt x 266.93372pt.
File: Figures/RVlogoVecW.png Graphic file (type png)
<use Figures/RVlogoVecW.png>
Package pdftex.def Info: Figures/RVlogoVecW.png  used on input line 1.
(pdftex.def)             Requested size: 271.7835pt x 266.93372pt.
[22


]

Package fancyhdr Warning: \headheight is too small (12.0pt): 
(fancyhdr)                Make it at least 27.18335pt, for example:
(fancyhdr)                \setlength{\headheight}{27.18335pt}.
(fancyhdr)                You might also make \topmargin smaller:
(fancyhdr)                \addtolength{\topmargin}{-15.18335pt}.

File: Figures/RVlogoVecW.png Graphic file (type png)
<use Figures/RVlogoVecW.png>
Package pdftex.def Info: Figures/RVlogoVecW.png  used on input line 25.
(pdftex.def)             Requested size: 271.7835pt x 266.93372pt.
File: Figures/RVlogoVecW.png Graphic file (type png)
<use Figures/RVlogoVecW.png>
Package pdftex.def Info: Figures/RVlogoVecW.png  used on input line 25.
(pdftex.def)             Requested size: 271.7835pt x 266.93372pt.
[23]

Package fancyhdr Warning: \headheight is too small (12.0pt): 
(fancyhdr)                Make it at least 27.18335pt, for example:
(fancyhdr)                \setlength{\headheight}{27.18335pt}.
(fancyhdr)                You might also make \topmargin smaller:
(fancyhdr)                \addtolength{\topmargin}{-15.18335pt}.

File: Figures/RVlogoVecW.png Graphic file (type png)
<use Figures/RVlogoVecW.png>
Package pdftex.def Info: Figures/RVlogoVecW.png  used on input line 88.
(pdftex.def)             Requested size: 271.7835pt x 266.93372pt.
File: Figures/RVlogoVecW.png Graphic file (type png)
<use Figures/RVlogoVecW.png>
Package pdftex.def Info: Figures/RVlogoVecW.png  used on input line 88.
(pdftex.def)             Requested size: 271.7835pt x 266.93372pt.
[24]) (Chapter6/chapter6-conclution.tex

Package fancyhdr Warning: \headheight is too small (12.0pt): 
(fancyhdr)                Make it at least 27.18335pt, for example:
(fancyhdr)                \setlength{\headheight}{27.18335pt}.
(fancyhdr)                You might also make \topmargin smaller:
(fancyhdr)                \addtolength{\topmargin}{-15.18335pt}.

File: Figures/RVlogoVecW.png Graphic file (type png)
<use Figures/RVlogoVecW.png>
Package pdftex.def Info: Figures/RVlogoVecW.png  used on input line 1.
(pdftex.def)             Requested size: 271.7835pt x 266.93372pt.
File: Figures/RVlogoVecW.png Graphic file (type png)
<use Figures/RVlogoVecW.png>
Package pdftex.def Info: Figures/RVlogoVecW.png  used on input line 1.
(pdftex.def)             Requested size: 271.7835pt x 266.93372pt.
[25]
Chapter 6.
File: Figures/RVlogoVecW.png Graphic file (type png)
<use Figures/RVlogoVecW.png>
Package pdftex.def Info: Figures/RVlogoVecW.png  used on input line 1.
(pdftex.def)             Requested size: 271.7835pt x 266.93372pt.
File: Figures/RVlogoVecW.png Graphic file (type png)
<use Figures/RVlogoVecW.png>
Package pdftex.def Info: Figures/RVlogoVecW.png  used on input line 1.
(pdftex.def)             Requested size: 271.7835pt x 266.93372pt.
[26


]

Package fancyhdr Warning: \headheight is too small (12.0pt): 
(fancyhdr)                Make it at least 27.18335pt, for example:
(fancyhdr)                \setlength{\headheight}{27.18335pt}.
(fancyhdr)                You might also make \topmargin smaller:
(fancyhdr)                \addtolength{\topmargin}{-15.18335pt}.

File: Figures/RVlogoVecW.png Graphic file (type png)
<use Figures/RVlogoVecW.png>
Package pdftex.def Info: Figures/RVlogoVecW.png  used on input line 16.
(pdftex.def)             Requested size: 271.7835pt x 266.93372pt.
File: Figures/RVlogoVecW.png Graphic file (type png)
<use Figures/RVlogoVecW.png>
Package pdftex.def Info: Figures/RVlogoVecW.png  used on input line 16.
(pdftex.def)             Requested size: 271.7835pt x 266.93372pt.
[27]) (Appendix/Apndx.tex

Package fancyhdr Warning: \headheight is too small (12.0pt): 
(fancyhdr)                Make it at least 27.18335pt, for example:
(fancyhdr)                \setlength{\headheight}{27.18335pt}.
(fancyhdr)                You might also make \topmargin smaller:
(fancyhdr)                \addtolength{\topmargin}{-15.18335pt}.

File: Figures/RVlogoVecW.png Graphic file (type png)
<use Figures/RVlogoVecW.png>
Package pdftex.def Info: Figures/RVlogoVecW.png  used on input line 1.
(pdftex.def)             Requested size: 271.7835pt x 266.93372pt.
File: Figures/RVlogoVecW.png Graphic file (type png)
<use Figures/RVlogoVecW.png>
Package pdftex.def Info: Figures/RVlogoVecW.png  used on input line 1.
(pdftex.def)             Requested size: 271.7835pt x 266.93372pt.
[28]
Appendix A.
File: Figures/RVlogoVecW.png Graphic file (type png)
<use Figures/RVlogoVecW.png>
Package pdftex.def Info: Figures/RVlogoVecW.png  used on input line 1.
(pdftex.def)             Requested size: 271.7835pt x 266.93372pt.
File: Figures/RVlogoVecW.png Graphic file (type png)
<use Figures/RVlogoVecW.png>
Package pdftex.def Info: Figures/RVlogoVecW.png  used on input line 1.
(pdftex.def)             Requested size: 271.7835pt x 266.93372pt.
[29


]
\g__tcobox_out_iow=\write12
\openout12 = `IDP_report.listing'.

 (C:\Program Files\MiKTeX\tex/latex/listings\lstlang1.sty
File: lstlang1.sty 2025/11/14 1.11b listings language file
)
(C:\Program Files\MiKTeX\tex/latex/listings\lstlang2.sty
File: lstlang2.sty 2025/11/14 1.11b listings language file
) (IDP_report.listing))

Package fancyhdr Warning: \headheight is too small (12.0pt): 
(fancyhdr)                Make it at least 27.18335pt, for example:
(fancyhdr)                \setlength{\headheight}{27.18335pt}.
(fancyhdr)                You might also make \topmargin smaller:
(fancyhdr)                \addtolength{\topmargin}{-15.18335pt}.

File: Figures/RVlogoVecW.png Graphic file (type png)
<use Figures/RVlogoVecW.png>
Package pdftex.def Info: Figures/RVlogoVecW.png  used on input line 120.
(pdftex.def)             Requested size: 271.7835pt x 266.93372pt.
File: Figures/RVlogoVecW.png Graphic file (type png)
<use Figures/RVlogoVecW.png>
Package pdftex.def Info: Figures/RVlogoVecW.png  used on input line 120.
(pdftex.def)             Requested size: 271.7835pt x 266.93372pt.
[30]

LaTeX Warning: Empty bibliography on input line 125.

(IDP_report.aux <Reading QR code for "" at level 1-H from aux file.>
)
 ***********
LaTeX2e <2025-11-01>
L3 programming layer <2025-12-24>
 ***********
Package rerunfilecheck Info: File `IDP_report.out' has not changed.
(rerunfilecheck)             Checksum: 60105C96417A599106C48AE5CD7636BE;10556.
Package logreq Info: Writing requests to 'IDP_report.run.xml'.
\openout1 = `IDP_report.run.xml'.

 ) 
Here is how much of TeX's memory you used:
 44917 strings out of 467871
 906727 string characters out of 5428444
 1762606 words of memory out of 5000000
 73025 multiletter control sequences out of 15000+600000
 640517 words of font info for 84 fonts, out of 8000000 for 9000
 1141 hyphenation exceptions out of 8191
 104i,16n,121p,2540b,2130s stack positions out of 10000i,1000n,20000p,200000b,200000s
 <C:\Users\oojam\AppData\Local\MiKTeX\fonts/pk/ljfour/jknappen/ec/dpi600\tcrm
1200.pk> <C:\Users\oojam\AppData\Local\MiKTeX\fonts/pk/ljfour/jknappen/ec/dpi60
0\tcbx1095.pk> <C:\Users\oojam\AppData\Local\MiKTeX\fonts/pk/ljfour/jknappen/ec
/dpi600\tcrm1095.pk><C:/Program Files/MiKTeX/fonts/type1/public/amsfonts/cm/cmb
x10.pfb><C:/Program Files/MiKTeX/fonts/type1/public/amsfonts/cm/cmbx12.pfb><C:/
Program Files/MiKTeX/fonts/type1/public/amsfonts/cm/cmbxti10.pfb><C:/Program Fi
les/MiKTeX/fonts/type1/public/amsfonts/cm/cmmi10.pfb><C:/Program Files/MiKTeX/f
onts/type1/public/amsfonts/cm/cmmi12.pfb><C:/Program Files/MiKTeX/fonts/type1/p
ublic/amsfonts/cm/cmmi8.pfb><C:/Program Files/MiKTeX/fonts/type1/public/amsfont
s/cm/cmr10.pfb><C:/Program Files/MiKTeX/fonts/type1/public/amsfonts/cm/cmr12.pf
b><C:/Program Files/MiKTeX/fonts/type1/public/amsfonts/cm/cmssbx10.pfb><C:/Prog
ram Files/MiKTeX/fonts/type1/public/amsfonts/cm/cmsy10.pfb><C:/Program Files/Mi
KTeX/fonts/type1/public/amsfonts/cm/cmti12.pfb><C:/Program Files/MiKTeX/fonts/t
ype1/public/amsfonts/cm/cmtt10.pfb><C:/Program Files/MiKTeX/fonts/type1/public/
amsfonts/cm/cmtt12.pfb>
Output written on IDP_report.pdf (40 pages, 2864715 bytes).
PDF statistics:
 629 PDF objects out of 1000 (max. 8388607)
 142 named destinations out of 1000 (max. 500000)
 475 words of extra memory for PDF output out of 10000 (max. 10000000)

